[ 2017-11-08T13:24:30+08:00 ] ::1 /Backstage/Product/index.html
INFO: [ app_init ] --START--
INFO: Run Behavior\BuildLiteBehavior [ RunTime:0.000011s ]
INFO: [ app_init ] --END-- [ RunTime:0.000382s ]
INFO: [ app_begin ] --START--
INFO: Run Behavior\ReadHtmlCacheBehavior [ RunTime:0.000521s ]
INFO: [ app_begin ] --END-- [ RunTime:0.000572s ]
SQL: SHOW COLUMNS FROM `arphu_product` [ RunTime:0.1388s ]
SQL: SELECT * FROM `arphu_product`  [ RunTime:0.0010s ]
INFO: [ view_parse ] --START--
NOTIC: [8] Undefined variable: rong_key F:\xampp\htdocs\pro_arphu\App\Backstage\Tag\My.class.php 第 206 行.
NOTIC: [8] Undefined variable: rong_token F:\xampp\htdocs\pro_arphu\App\Backstage\Tag\My.class.php 第 207 行.
NOTIC: [8] Undefined variable: avatar F:\xampp\htdocs\pro_arphu\App\Backstage\Tag\My.class.php 第 218 行.
INFO: [ template_filter ] --START--
INFO: Run Behavior\ContentReplaceBehavior [ RunTime:0.000071s ]
INFO: [ template_filter ] --END-- [ RunTime:0.000097s ]
NOTIC: [8] Undefined variable: breadcrumbs F:\xampp\htdocs\pro_arphu\Public\Runtime\Cache\Backstage\94e474977098a33e032d38ab1688984b.php 第 22 行.
NOTIC: [8] Undefined variable: breadcrumbs F:\xampp\htdocs\pro_arphu\Public\Runtime\Cache\Backstage\94e474977098a33e032d38ab1688984b.php 第 23 行.
NOTIC: [8] Undefined variable: breadcrumbs F:\xampp\htdocs\pro_arphu\Public\Runtime\Cache\Backstage\94e474977098a33e032d38ab1688984b.php 第 24 行.
INFO: Run Behavior\ParseTemplateBehavior [ RunTime:0.010670s ]
INFO: [ view_parse ] --END-- [ RunTime:0.010709s ]
INFO: [ view_filter ] --START--
INFO: Run Behavior\WriteHtmlCacheBehavior [ RunTime:0.000448s ]
INFO: [ view_filter ] --END-- [ RunTime:0.000475s ]
INFO: [ app_end ] --START--
INFO: Run Behavior\ShowPageTraceBehavior [ RunTime:0.001074s ]
INFO: [ app_end ] --END-- [ RunTime:0.001216s ]

[ 2017-11-08T13:34:05+08:00 ] ::1 /Backstage/Product/index.html
INFO: [ app_init ] --START--
INFO: Run Behavior\BuildLiteBehavior [ RunTime:0.000008s ]
INFO: [ app_init ] --END-- [ RunTime:0.000430s ]
INFO: [ app_begin ] --START--
INFO: Run Behavior\ReadHtmlCacheBehavior [ RunTime:0.000473s ]
INFO: [ app_begin ] --END-- [ RunTime:0.000515s ]
SQL: SHOW COLUMNS FROM `arphu_product` [ RunTime:0.0075s ]
SQL: SELECT * FROM `arphu_product`  [ RunTime:0.0011s ]
INFO: [ view_parse ] --START--
NOTIC: [8] Undefined variable: rong_key F:\xampp\htdocs\pro_arphu\App\Backstage\Tag\My.class.php 第 206 行.
NOTIC: [8] Undefined variable: rong_token F:\xampp\htdocs\pro_arphu\App\Backstage\Tag\My.class.php 第 207 行.
NOTIC: [8] Undefined variable: avatar F:\xampp\htdocs\pro_arphu\App\Backstage\Tag\My.class.php 第 218 行.
INFO: [ template_filter ] --START--
INFO: Run Behavior\ContentReplaceBehavior [ RunTime:0.000063s ]
INFO: [ template_filter ] --END-- [ RunTime:0.000090s ]
NOTIC: [8] Undefined variable: breadcrumbs F:\xampp\htdocs\pro_arphu\Public\Runtime\Cache\Backstage\94e474977098a33e032d38ab1688984b.php 第 22 行.
NOTIC: [8] Undefined variable: breadcrumbs F:\xampp\htdocs\pro_arphu\Public\Runtime\Cache\Backstage\94e474977098a33e032d38ab1688984b.php 第 23 行.
NOTIC: [8] Undefined variable: breadcrumbs F:\xampp\htdocs\pro_arphu\Public\Runtime\Cache\Backstage\94e474977098a33e032d38ab1688984b.php 第 24 行.
INFO: Run Behavior\ParseTemplateBehavior [ RunTime:0.009738s ]
INFO: [ view_parse ] --END-- [ RunTime:0.009774s ]
INFO: [ view_filter ] --START--
INFO: Run Behavior\WriteHtmlCacheBehavior [ RunTime:0.000323s ]
INFO: [ view_filter ] --END-- [ RunTime:0.000346s ]
INFO: [ app_end ] --START--
INFO: Run Behavior\ShowPageTraceBehavior [ RunTime:0.000437s ]
INFO: [ app_end ] --END-- [ RunTime:0.000465s ]

