[ 2017-11-10T09:42:35+08:00 ] ::1 /Backstage/
INFO: [ app_init ] --START--
INFO: Run Behavior\BuildLiteBehavior [ RunTime:0.000009s ]
INFO: [ app_init ] --END-- [ RunTime:0.000305s ]
INFO: [ app_begin ] --START--
INFO: Run Behavior\ReadHtmlCacheBehavior [ RunTime:0.000924s ]
INFO: [ app_begin ] --END-- [ RunTime:0.001011s ]
INFO: [ view_parse ] --START--
INFO: [ template_filter ] --START--
INFO: Run Behavior\ContentReplaceBehavior [ RunTime:0.000037s ]
INFO: [ template_filter ] --END-- [ RunTime:0.000073s ]
INFO: Run Behavior\ParseTemplateBehavior [ RunTime:0.017334s ]
INFO: [ view_parse ] --END-- [ RunTime:0.017379s ]
INFO: [ view_filter ] --START--
INFO: Run Behavior\WriteHtmlCacheBehavior [ RunTime:0.000366s ]
INFO: [ view_filter ] --END-- [ RunTime:0.000394s ]

[ 2017-11-10T09:42:38+08:00 ] ::1 /Backstage/Login/index.html
INFO: [ app_init ] --START--
INFO: Run Behavior\BuildLiteBehavior [ RunTime:0.000008s ]
INFO: [ app_init ] --END-- [ RunTime:0.000301s ]
INFO: [ app_begin ] --START--
INFO: Run Behavior\ReadHtmlCacheBehavior [ RunTime:0.000517s ]
INFO: [ app_begin ] --END-- [ RunTime:0.000554s ]
INFO: [ view_parse ] --START--
INFO: [ template_filter ] --START--
INFO: Run Behavior\ContentReplaceBehavior [ RunTime:0.000100s ]
INFO: [ template_filter ] --END-- [ RunTime:0.000132s ]
INFO: Run Behavior\ParseTemplateBehavior [ RunTime:0.017380s ]
INFO: [ view_parse ] --END-- [ RunTime:0.017440s ]
INFO: [ view_filter ] --START--
INFO: Run Behavior\WriteHtmlCacheBehavior [ RunTime:0.000457s ]
INFO: [ view_filter ] --END-- [ RunTime:0.000488s ]
INFO: [ app_end ] --START--
INFO: Run Behavior\ShowPageTraceBehavior [ RunTime:0.000746s ]
INFO: [ app_end ] --END-- [ RunTime:0.000807s ]

[ 2017-11-10T09:42:38+08:00 ] ::1 /Backstage/Login/verify.html
INFO: [ app_init ] --START--
INFO: Run Behavior\BuildLiteBehavior [ RunTime:0.000010s ]
INFO: [ app_init ] --END-- [ RunTime:0.000350s ]
INFO: [ app_begin ] --START--
INFO: Run Behavior\ReadHtmlCacheBehavior [ RunTime:0.000519s ]
INFO: [ app_begin ] --END-- [ RunTime:0.000577s ]
INFO: [ app_end ] --START--
INFO: Run Behavior\ShowPageTraceBehavior [ RunTime:0.000606s ]
INFO: [ app_end ] --END-- [ RunTime:0.000652s ]

[ 2017-11-10T09:42:46+08:00 ] ::1 /Backstage/Login/checkLogin.html
INFO: [ app_init ] --START--
INFO: Run Behavior\BuildLiteBehavior [ RunTime:0.000011s ]
INFO: [ app_init ] --END-- [ RunTime:0.000307s ]
INFO: [ app_begin ] --START--
INFO: Run Behavior\ReadHtmlCacheBehavior [ RunTime:0.004509s ]
INFO: [ app_begin ] --END-- [ RunTime:0.004575s ]
SQL: SHOW COLUMNS FROM `arphu_admin_users` [ RunTime:0.1935s ]
SQL: SELECT * FROM `arphu_admin_users` WHERE `username` = 'admin' LIMIT 1   [ RunTime:0.2988s ]
SQL: UPDATE `arphu_admin_users` SET `last_login_ip`='0.0.0.0',`last_login_time`='1510278165',`login_count`=`login_count`+1 WHERE `id` = 88 [ RunTime:0.2484s ]
SQL: SHOW COLUMNS FROM `arphu_admin_log` [ RunTime:0.1240s ]
SQL: INSERT INTO `arphu_admin_log` (`account`,`operation_time`,`ip`,`log`) VALUES ('admin','1510278166','0.0.0.0','登录成功！') [ RunTime:0.5709s ]
INFO: [ view_parse ] --START--
INFO: [ template_filter ] --START--
INFO: Run Behavior\ContentReplaceBehavior [ RunTime:0.000034s ]
INFO: [ template_filter ] --END-- [ RunTime:0.000068s ]
INFO: Run Behavior\ParseTemplateBehavior [ RunTime:0.006682s ]
INFO: [ view_parse ] --END-- [ RunTime:0.006721s ]
INFO: [ view_filter ] --START--
INFO: Run Behavior\WriteHtmlCacheBehavior [ RunTime:0.000293s ]
INFO: [ view_filter ] --END-- [ RunTime:0.000317s ]
INFO: [ app_end ] --START--
INFO: Run Behavior\ShowPageTraceBehavior [ RunTime:0.000388s ]
INFO: [ app_end ] --END-- [ RunTime:0.000413s ]

[ 2017-11-10T09:42:48+08:00 ] ::1 /Backstage/Index/index.html
INFO: [ app_init ] --START--
INFO: Run Behavior\BuildLiteBehavior [ RunTime:0.000012s ]
INFO: [ app_init ] --END-- [ RunTime:0.000503s ]
INFO: [ app_begin ] --START--
INFO: Run Behavior\ReadHtmlCacheBehavior [ RunTime:0.000389s ]
INFO: [ app_begin ] --END-- [ RunTime:0.000449s ]
NOTIC: [2048] Declaration of Backstage\Model\AdminNavModel::getTreeData() should be compatible with Backstage\Model\BaseModel::getTreeData($type = 'tree', $order = '', $name = 'name', $child = 'id', $parent = 'pid') F:\xampp\htdocs\pro_arphu\App\Backstage\Model\AdminNavModel.class.php 第 7 行.
SQL: SHOW COLUMNS FROM `arphu_admin_nav` [ RunTime:0.0100s ]
SQL: SELECT * FROM `arphu_admin_nav` ORDER BY order_number,id is null,order_number,id  [ RunTime:0.0009s ]
SQL: SHOW COLUMNS FROM `arphu_auth_group_access` [ RunTime:0.0086s ]
SQL: SELECT `uid`,`group_id`,`title`,`rules` FROM arphu_auth_group_access a INNER JOIN arphu_auth_group g on a.group_id=g.id  WHERE ( a.uid='88' and g.status='1' )  [ RunTime:0.0854s ]
SQL: SHOW COLUMNS FROM `arphu_auth_rule` [ RunTime:0.0078s ]
SQL: SELECT `condition`,`name` FROM `arphu_auth_rule` WHERE `id` IN ('20','1','2','3','4','5','64','127','137','138','139','21','7','8','9','10','11','12','13','14','15','16','123','140','19','124','125','135','141') AND `type` = 1 AND `status` = 1  [ RunTime:0.0954s ]
INFO: [ view_parse ] --START--
INFO: [ template_filter ] --START--
INFO: Run Behavior\ContentReplaceBehavior [ RunTime:0.000096s ]
INFO: [ template_filter ] --END-- [ RunTime:0.000172s ]
INFO: Run Behavior\ParseTemplateBehavior [ RunTime:0.011245s ]
INFO: [ view_parse ] --END-- [ RunTime:0.011291s ]
INFO: [ view_filter ] --START--
INFO: Run Behavior\WriteHtmlCacheBehavior [ RunTime:0.000406s ]
INFO: [ view_filter ] --END-- [ RunTime:0.000432s ]
INFO: [ app_end ] --START--
INFO: Run Behavior\ShowPageTraceBehavior [ RunTime:0.000380s ]
INFO: [ app_end ] --END-- [ RunTime:0.000411s ]

[ 2017-11-10T09:42:48+08:00 ] ::1 /Backstage/Index/welcome.html
INFO: [ app_init ] --START--
INFO: Run Behavior\BuildLiteBehavior [ RunTime:0.000010s ]
INFO: [ app_init ] --END-- [ RunTime:0.000318s ]
INFO: [ app_begin ] --START--
INFO: Run Behavior\ReadHtmlCacheBehavior [ RunTime:0.000377s ]
INFO: [ app_begin ] --END-- [ RunTime:0.000428s ]
INFO: [ view_parse ] --START--
INFO: [ template_filter ] --START--
INFO: Run Behavior\ContentReplaceBehavior [ RunTime:0.000035s ]
INFO: [ template_filter ] --END-- [ RunTime:0.000078s ]
NOTIC: [8] Undefined variable: breadcrumbs F:\xampp\htdocs\pro_arphu\Public\Runtime\Cache\Backstage\46ebab64d8de41a45c3aeffc8c87d145.php 第 22 行.
NOTIC: [8] Undefined variable: breadcrumbs F:\xampp\htdocs\pro_arphu\Public\Runtime\Cache\Backstage\46ebab64d8de41a45c3aeffc8c87d145.php 第 23 行.
NOTIC: [8] Undefined variable: breadcrumbs F:\xampp\htdocs\pro_arphu\Public\Runtime\Cache\Backstage\46ebab64d8de41a45c3aeffc8c87d145.php 第 24 行.
INFO: Run Behavior\ParseTemplateBehavior [ RunTime:0.013056s ]
INFO: [ view_parse ] --END-- [ RunTime:0.013099s ]
INFO: [ view_filter ] --START--
INFO: Run Behavior\WriteHtmlCacheBehavior [ RunTime:0.000331s ]
INFO: [ view_filter ] --END-- [ RunTime:0.000356s ]
INFO: [ app_end ] --START--
INFO: Run Behavior\ShowPageTraceBehavior [ RunTime:0.000344s ]
INFO: [ app_end ] --END-- [ RunTime:0.000370s ]

[ 2017-11-10T09:43:10+08:00 ] ::1 /Backstage/Product/index.html
INFO: [ app_init ] --START--
INFO: Run Behavior\BuildLiteBehavior [ RunTime:0.000011s ]
INFO: [ app_init ] --END-- [ RunTime:0.000326s ]
INFO: [ app_begin ] --START--
INFO: Run Behavior\ReadHtmlCacheBehavior [ RunTime:0.000414s ]
INFO: [ app_begin ] --END-- [ RunTime:0.000470s ]
SQL: SHOW COLUMNS FROM `arphu_product` [ RunTime:0.0101s ]
SQL: SELECT * FROM `arphu_product`  [ RunTime:0.0010s ]
INFO: [ view_parse ] --START--
NOTIC: [8] Undefined variable: rong_key F:\xampp\htdocs\pro_arphu\App\Backstage\Tag\My.class.php 第 206 行.
NOTIC: [8] Undefined variable: rong_token F:\xampp\htdocs\pro_arphu\App\Backstage\Tag\My.class.php 第 207 行.
NOTIC: [8] Undefined variable: avatar F:\xampp\htdocs\pro_arphu\App\Backstage\Tag\My.class.php 第 218 行.
INFO: [ template_filter ] --START--
INFO: Run Behavior\ContentReplaceBehavior [ RunTime:0.000067s ]
INFO: [ template_filter ] --END-- [ RunTime:0.000101s ]
NOTIC: [8] Undefined variable: breadcrumbs F:\xampp\htdocs\pro_arphu\Public\Runtime\Cache\Backstage\94e474977098a33e032d38ab1688984b.php 第 22 行.
NOTIC: [8] Undefined variable: breadcrumbs F:\xampp\htdocs\pro_arphu\Public\Runtime\Cache\Backstage\94e474977098a33e032d38ab1688984b.php 第 23 行.
NOTIC: [8] Undefined variable: breadcrumbs F:\xampp\htdocs\pro_arphu\Public\Runtime\Cache\Backstage\94e474977098a33e032d38ab1688984b.php 第 24 行.
INFO: Run Behavior\ParseTemplateBehavior [ RunTime:0.009959s ]
INFO: [ view_parse ] --END-- [ RunTime:0.010010s ]
INFO: [ view_filter ] --START--
INFO: Run Behavior\WriteHtmlCacheBehavior [ RunTime:0.000464s ]
INFO: [ view_filter ] --END-- [ RunTime:0.000492s ]
INFO: [ app_end ] --START--
INFO: Run Behavior\ShowPageTraceBehavior [ RunTime:0.000451s ]
INFO: [ app_end ] --END-- [ RunTime:0.000490s ]

