[ 2017-11-07T09:14:57+08:00 ] ::1 /Backstage/Nav/index.html
INFO: [ app_init ] --START--
INFO: Run Behavior\BuildLiteBehavior [ RunTime:0.000008s ]
INFO: [ app_init ] --END-- [ RunTime:0.000375s ]
INFO: [ app_begin ] --START--
INFO: Run Behavior\ReadHtmlCacheBehavior [ RunTime:0.000508s ]
INFO: [ app_begin ] --END-- [ RunTime:0.000584s ]
SQL: SHOW COLUMNS FROM `arphu_auth_group_access` [ RunTime:0.0084s ]
SQL: SELECT `uid`,`group_id`,`title`,`rules` FROM arphu_auth_group_access a INNER JOIN arphu_auth_group g on a.group_id=g.id  WHERE ( a.uid='88' and g.status='1' )  [ RunTime:0.0004s ]
SQL: SHOW COLUMNS FROM `arphu_auth_rule` [ RunTime:0.0076s ]
SQL: SELECT `condition`,`name` FROM `arphu_auth_rule` WHERE `id` IN ('20','1','2','3','4','5','64','127','137','138','139','21','7','8','9','10','11','12','13','14','15','16','123','140','19','124','125','135','141') AND `type` = 1 AND `status` = 1  [ RunTime:0.0004s ]
SQL: SHOW COLUMNS FROM `arphu_auth_rule` [ RunTime:0.0082s ]
SQL: SELECT ar1.title as title1,ar2.title as title2,ar3.title as title3,ar4.title as title4 FROM arphu_auth_rule ar1 LEFT JOIN arphu_auth_rule ar2 ON ar1.pid = ar2.id LEFT JOIN arphu_auth_rule ar3 ON ar2.pid = ar3.id LEFT JOIN arphu_auth_rule ar4 ON ar3.pid = ar4.id  WHERE ar1.name = 'Nav/index'  [ RunTime:0.0070s ]
NOTIC: [2048] Declaration of Backstage\Model\AdminNavModel::getTreeData() should be compatible with Backstage\Model\BaseModel::getTreeData($type = 'tree', $order = '', $name = 'name', $child = 'id', $parent = 'pid') F:\xampp\htdocs\pro_arphu\App\Backstage\Model\AdminNavModel.class.php 第 62 行.
SQL: SHOW COLUMNS FROM `arphu_admin_nav` [ RunTime:0.0080s ]
SQL: SELECT * FROM `arphu_admin_nav` ORDER BY order_number is null,order_number  [ RunTime:0.0005s ]
INFO: [ view_parse ] --START--
NOTIC: [8] Undefined variable: rong_key F:\xampp\htdocs\pro_arphu\App\Backstage\Tag\My.class.php 第 206 行.
NOTIC: [8] Undefined variable: rong_token F:\xampp\htdocs\pro_arphu\App\Backstage\Tag\My.class.php 第 207 行.
NOTIC: [8] Undefined variable: avatar F:\xampp\htdocs\pro_arphu\App\Backstage\Tag\My.class.php 第 218 行.
INFO: [ template_filter ] --START--
INFO: Run Behavior\ContentReplaceBehavior [ RunTime:0.000049s ]
INFO: [ template_filter ] --END-- [ RunTime:0.000077s ]
INFO: Run Behavior\ParseTemplateBehavior [ RunTime:0.034050s ]
INFO: [ view_parse ] --END-- [ RunTime:0.034101s ]
INFO: [ view_filter ] --START--
INFO: Run Behavior\WriteHtmlCacheBehavior [ RunTime:0.000462s ]
INFO: [ view_filter ] --END-- [ RunTime:0.000485s ]
INFO: [ app_end ] --START--
INFO: Run Behavior\ShowPageTraceBehavior [ RunTime:0.000659s ]
INFO: [ app_end ] --END-- [ RunTime:0.000705s ]

[ 2017-11-07T09:15:03+08:00 ] ::1 /Backstage/
INFO: [ app_init ] --START--
INFO: Run Behavior\BuildLiteBehavior [ RunTime:0.000009s ]
INFO: [ app_init ] --END-- [ RunTime:0.000374s ]
INFO: [ app_begin ] --START--
INFO: Run Behavior\ReadHtmlCacheBehavior [ RunTime:0.000586s ]
INFO: [ app_begin ] --END-- [ RunTime:0.000654s ]
NOTIC: [2048] Declaration of Backstage\Model\AdminNavModel::getTreeData() should be compatible with Backstage\Model\BaseModel::getTreeData($type = 'tree', $order = '', $name = 'name', $child = 'id', $parent = 'pid') F:\xampp\htdocs\pro_arphu\App\Backstage\Model\AdminNavModel.class.php 第 7 行.
SQL: SHOW COLUMNS FROM `arphu_admin_nav` [ RunTime:0.0621s ]
SQL: SELECT * FROM `arphu_admin_nav` ORDER BY order_number,id is null,order_number,id  [ RunTime:0.0004s ]
SQL: SHOW COLUMNS FROM `arphu_auth_group_access` [ RunTime:0.1147s ]
SQL: SELECT `uid`,`group_id`,`title`,`rules` FROM arphu_auth_group_access a INNER JOIN arphu_auth_group g on a.group_id=g.id  WHERE ( a.uid='88' and g.status='1' )  [ RunTime:0.0004s ]
SQL: SHOW COLUMNS FROM `arphu_auth_rule` [ RunTime:0.0656s ]
SQL: SELECT `condition`,`name` FROM `arphu_auth_rule` WHERE `id` IN ('20','1','2','3','4','5','64','127','137','138','139','21','7','8','9','10','11','12','13','14','15','16','123','140','19','124','125','135','141') AND `type` = 1 AND `status` = 1  [ RunTime:0.0006s ]
INFO: [ view_parse ] --START--
INFO: [ template_filter ] --START--
INFO: Run Behavior\ContentReplaceBehavior [ RunTime:0.000090s ]
INFO: [ template_filter ] --END-- [ RunTime:0.000122s ]
INFO: Run Behavior\ParseTemplateBehavior [ RunTime:0.073546s ]
INFO: [ view_parse ] --END-- [ RunTime:0.073577s ]
INFO: [ view_filter ] --START--
INFO: Run Behavior\WriteHtmlCacheBehavior [ RunTime:0.000254s ]
INFO: [ view_filter ] --END-- [ RunTime:0.000277s ]
INFO: [ app_end ] --START--
INFO: Run Behavior\ShowPageTraceBehavior [ RunTime:0.000595s ]
INFO: [ app_end ] --END-- [ RunTime:0.000655s ]

[ 2017-11-07T09:15:04+08:00 ] ::1 /Backstage/Index/welcome.html
INFO: [ app_init ] --START--
INFO: Run Behavior\BuildLiteBehavior [ RunTime:0.000011s ]
INFO: [ app_init ] --END-- [ RunTime:0.000376s ]
INFO: [ app_begin ] --START--
INFO: Run Behavior\ReadHtmlCacheBehavior [ RunTime:0.000403s ]
INFO: [ app_begin ] --END-- [ RunTime:0.000449s ]
INFO: [ view_parse ] --START--
INFO: [ template_filter ] --START--
INFO: Run Behavior\ContentReplaceBehavior [ RunTime:0.000064s ]
INFO: [ template_filter ] --END-- [ RunTime:0.000103s ]
NOTIC: [8] Undefined variable: breadcrumbs F:\xampp\htdocs\pro_arphu\Public\Runtime\Cache\Backstage\46ebab64d8de41a45c3aeffc8c87d145.php 第 22 行.
NOTIC: [8] Undefined variable: breadcrumbs F:\xampp\htdocs\pro_arphu\Public\Runtime\Cache\Backstage\46ebab64d8de41a45c3aeffc8c87d145.php 第 23 行.
NOTIC: [8] Undefined variable: breadcrumbs F:\xampp\htdocs\pro_arphu\Public\Runtime\Cache\Backstage\46ebab64d8de41a45c3aeffc8c87d145.php 第 24 行.
INFO: Run Behavior\ParseTemplateBehavior [ RunTime:0.007356s ]
INFO: [ view_parse ] --END-- [ RunTime:0.007399s ]
INFO: [ view_filter ] --START--
INFO: Run Behavior\WriteHtmlCacheBehavior [ RunTime:0.000327s ]
INFO: [ view_filter ] --END-- [ RunTime:0.000352s ]
INFO: [ app_end ] --START--
INFO: Run Behavior\ShowPageTraceBehavior [ RunTime:0.000422s ]
INFO: [ app_end ] --END-- [ RunTime:0.000447s ]

[ 2017-11-07T09:15:06+08:00 ] ::1 /Backstage/Product/index.html
INFO: [ app_init ] --START--
INFO: Run Behavior\BuildLiteBehavior [ RunTime:0.000008s ]
INFO: [ app_init ] --END-- [ RunTime:0.000295s ]
INFO: [ app_begin ] --START--
INFO: Run Behavior\ReadHtmlCacheBehavior [ RunTime:0.000519s ]
INFO: [ app_begin ] --END-- [ RunTime:0.000572s ]
SQL: SHOW COLUMNS FROM `arphu_auth_group_access` [ RunTime:0.0089s ]
SQL: SELECT `uid`,`group_id`,`title`,`rules` FROM arphu_auth_group_access a INNER JOIN arphu_auth_group g on a.group_id=g.id  WHERE ( a.uid='88' and g.status='1' )  [ RunTime:0.0004s ]
SQL: SHOW COLUMNS FROM `arphu_auth_rule` [ RunTime:0.0069s ]
SQL: SELECT `condition`,`name` FROM `arphu_auth_rule` WHERE `id` IN ('20','1','2','3','4','5','64','127','137','138','139','21','7','8','9','10','11','12','13','14','15','16','123','140','19','124','125','135','141') AND `type` = 1 AND `status` = 1  [ RunTime:0.0004s ]
SQL: SHOW COLUMNS FROM `arphu_auth_rule` [ RunTime:0.0088s ]
SQL: SELECT ar1.title as title1,ar2.title as title2,ar3.title as title3,ar4.title as title4 FROM arphu_auth_rule ar1 LEFT JOIN arphu_auth_rule ar2 ON ar1.pid = ar2.id LEFT JOIN arphu_auth_rule ar3 ON ar2.pid = ar3.id LEFT JOIN arphu_auth_rule ar4 ON ar3.pid = ar4.id  WHERE ar1.name = 'Product/index'  [ RunTime:0.0003s ]
SQL: SHOW COLUMNS FROM `arphu_product` [ RunTime:0.0071s ]
SQL: SELECT * FROM `arphu_product`  [ RunTime:0.0012s ]
INFO: [ view_parse ] --START--
NOTIC: [8] Undefined variable: rong_key F:\xampp\htdocs\pro_arphu\App\Backstage\Tag\My.class.php 第 206 行.
NOTIC: [8] Undefined variable: rong_token F:\xampp\htdocs\pro_arphu\App\Backstage\Tag\My.class.php 第 207 行.
NOTIC: [8] Undefined variable: avatar F:\xampp\htdocs\pro_arphu\App\Backstage\Tag\My.class.php 第 218 行.
INFO: [ template_filter ] --START--
INFO: Run Behavior\ContentReplaceBehavior [ RunTime:0.000059s ]
INFO: [ template_filter ] --END-- [ RunTime:0.000088s ]
INFO: Run Behavior\ParseTemplateBehavior [ RunTime:0.029205s ]
INFO: [ view_parse ] --END-- [ RunTime:0.029251s ]
INFO: [ view_filter ] --START--
INFO: Run Behavior\WriteHtmlCacheBehavior [ RunTime:0.000324s ]
INFO: [ view_filter ] --END-- [ RunTime:0.000349s ]
INFO: [ app_end ] --START--
INFO: Run Behavior\ShowPageTraceBehavior [ RunTime:0.000469s ]
INFO: [ app_end ] --END-- [ RunTime:0.000499s ]

[ 2017-11-07T09:23:10+08:00 ] ::1 /Backstage/
INFO: [ app_init ] --START--
INFO: Run Behavior\BuildLiteBehavior [ RunTime:0.000009s ]
INFO: [ app_init ] --END-- [ RunTime:0.000424s ]
INFO: [ app_begin ] --START--
INFO: Run Behavior\ReadHtmlCacheBehavior [ RunTime:0.000337s ]
INFO: [ app_begin ] --END-- [ RunTime:0.000380s ]
NOTIC: [2048] Declaration of Backstage\Model\AdminNavModel::getTreeData() should be compatible with Backstage\Model\BaseModel::getTreeData($type = 'tree', $order = '', $name = 'name', $child = 'id', $parent = 'pid') F:\xampp\htdocs\pro_arphu\App\Backstage\Model\AdminNavModel.class.php 第 7 行.
SQL: SHOW COLUMNS FROM `arphu_admin_nav` [ RunTime:0.0085s ]
SQL: SELECT * FROM `arphu_admin_nav` ORDER BY order_number,id is null,order_number,id  [ RunTime:0.0003s ]
SQL: SHOW COLUMNS FROM `arphu_auth_group_access` [ RunTime:0.0108s ]
SQL: SELECT `uid`,`group_id`,`title`,`rules` FROM arphu_auth_group_access a INNER JOIN arphu_auth_group g on a.group_id=g.id  WHERE ( a.uid='88' and g.status='1' )  [ RunTime:0.0004s ]
SQL: SHOW COLUMNS FROM `arphu_auth_rule` [ RunTime:0.0101s ]
SQL: SELECT `condition`,`name` FROM `arphu_auth_rule` WHERE `id` IN ('20','1','2','3','4','5','64','127','137','138','139','21','7','8','9','10','11','12','13','14','15','16','123','140','19','124','125','135','141') AND `type` = 1 AND `status` = 1  [ RunTime:0.0005s ]
INFO: [ view_parse ] --START--
INFO: [ template_filter ] --START--
INFO: Run Behavior\ContentReplaceBehavior [ RunTime:0.000097s ]
INFO: [ template_filter ] --END-- [ RunTime:0.000150s ]
INFO: Run Behavior\ParseTemplateBehavior [ RunTime:0.011815s ]
INFO: [ view_parse ] --END-- [ RunTime:0.011874s ]
INFO: [ view_filter ] --START--
INFO: Run Behavior\WriteHtmlCacheBehavior [ RunTime:0.000520s ]
INFO: [ view_filter ] --END-- [ RunTime:0.000566s ]
INFO: [ app_end ] --START--
INFO: Run Behavior\ShowPageTraceBehavior [ RunTime:0.000575s ]
INFO: [ app_end ] --END-- [ RunTime:0.000611s ]

[ 2017-11-07T09:23:10+08:00 ] ::1 /Backstage/Index/welcome.html
INFO: [ app_init ] --START--
INFO: Run Behavior\BuildLiteBehavior [ RunTime:0.000008s ]
INFO: [ app_init ] --END-- [ RunTime:0.000264s ]
INFO: [ app_begin ] --START--
INFO: Run Behavior\ReadHtmlCacheBehavior [ RunTime:0.000357s ]
INFO: [ app_begin ] --END-- [ RunTime:0.000396s ]
INFO: [ view_parse ] --START--
INFO: [ template_filter ] --START--
INFO: Run Behavior\ContentReplaceBehavior [ RunTime:0.000056s ]
INFO: [ template_filter ] --END-- [ RunTime:0.000132s ]
NOTIC: [8] Undefined variable: breadcrumbs F:\xampp\htdocs\pro_arphu\Public\Runtime\Cache\Backstage\46ebab64d8de41a45c3aeffc8c87d145.php 第 22 行.
NOTIC: [8] Undefined variable: breadcrumbs F:\xampp\htdocs\pro_arphu\Public\Runtime\Cache\Backstage\46ebab64d8de41a45c3aeffc8c87d145.php 第 23 行.
NOTIC: [8] Undefined variable: breadcrumbs F:\xampp\htdocs\pro_arphu\Public\Runtime\Cache\Backstage\46ebab64d8de41a45c3aeffc8c87d145.php 第 24 行.
INFO: Run Behavior\ParseTemplateBehavior [ RunTime:0.007539s ]
INFO: [ view_parse ] --END-- [ RunTime:0.007574s ]
INFO: [ view_filter ] --START--
INFO: Run Behavior\WriteHtmlCacheBehavior [ RunTime:0.000301s ]
INFO: [ view_filter ] --END-- [ RunTime:0.000326s ]
INFO: [ app_end ] --START--
INFO: Run Behavior\ShowPageTraceBehavior [ RunTime:0.000316s ]
INFO: [ app_end ] --END-- [ RunTime:0.000341s ]

[ 2017-11-07T15:17:32+08:00 ] ::1 /Backstage/Nav/index.html
INFO: [ app_init ] --START--
INFO: Run Behavior\BuildLiteBehavior [ RunTime:0.000007s ]
INFO: [ app_init ] --END-- [ RunTime:0.000331s ]
INFO: [ app_begin ] --START--
INFO: Run Behavior\ReadHtmlCacheBehavior [ RunTime:0.000413s ]
INFO: [ app_begin ] --END-- [ RunTime:0.000454s ]
SQL: SHOW COLUMNS FROM `arphu_auth_group_access` [ RunTime:0.0269s ]
SQL: SELECT `uid`,`group_id`,`title`,`rules` FROM arphu_auth_group_access a INNER JOIN arphu_auth_group g on a.group_id=g.id  WHERE ( a.uid='88' and g.status='1' )  [ RunTime:0.0004s ]
SQL: SHOW COLUMNS FROM `arphu_auth_rule` [ RunTime:0.0830s ]
SQL: SELECT `condition`,`name` FROM `arphu_auth_rule` WHERE `id` IN ('20','1','2','3','4','5','64','127','137','138','139','21','7','8','9','10','11','12','13','14','15','16','123','140','19','124','125','135','141') AND `type` = 1 AND `status` = 1  [ RunTime:0.0007s ]
SQL: SHOW COLUMNS FROM `arphu_auth_rule` [ RunTime:0.0091s ]
SQL: SELECT ar1.title as title1,ar2.title as title2,ar3.title as title3,ar4.title as title4 FROM arphu_auth_rule ar1 LEFT JOIN arphu_auth_rule ar2 ON ar1.pid = ar2.id LEFT JOIN arphu_auth_rule ar3 ON ar2.pid = ar3.id LEFT JOIN arphu_auth_rule ar4 ON ar3.pid = ar4.id  WHERE ar1.name = 'Nav/index'  [ RunTime:0.0004s ]
NOTIC: [2048] Declaration of Backstage\Model\AdminNavModel::getTreeData() should be compatible with Backstage\Model\BaseModel::getTreeData($type = 'tree', $order = '', $name = 'name', $child = 'id', $parent = 'pid') F:\xampp\htdocs\pro_arphu\App\Backstage\Model\AdminNavModel.class.php 第 62 行.
SQL: SHOW COLUMNS FROM `arphu_admin_nav` [ RunTime:0.0074s ]
SQL: SELECT * FROM `arphu_admin_nav` ORDER BY order_number is null,order_number  [ RunTime:0.0005s ]
INFO: [ view_parse ] --START--
NOTIC: [8] Undefined variable: rong_key F:\xampp\htdocs\pro_arphu\App\Backstage\Tag\My.class.php 第 206 行.
NOTIC: [8] Undefined variable: rong_token F:\xampp\htdocs\pro_arphu\App\Backstage\Tag\My.class.php 第 207 行.
NOTIC: [8] Undefined variable: avatar F:\xampp\htdocs\pro_arphu\App\Backstage\Tag\My.class.php 第 218 行.
INFO: [ template_filter ] --START--
INFO: Run Behavior\ContentReplaceBehavior [ RunTime:0.000047s ]
INFO: [ template_filter ] --END-- [ RunTime:0.000071s ]
INFO: Run Behavior\ParseTemplateBehavior [ RunTime:0.008497s ]
INFO: [ view_parse ] --END-- [ RunTime:0.008532s ]
INFO: [ view_filter ] --START--
INFO: Run Behavior\WriteHtmlCacheBehavior [ RunTime:0.000370s ]
INFO: [ view_filter ] --END-- [ RunTime:0.000407s ]
INFO: [ app_end ] --START--
INFO: Run Behavior\ShowPageTraceBehavior [ RunTime:0.000766s ]
INFO: [ app_end ] --END-- [ RunTime:0.000826s ]

[ 2017-11-07T15:17:36+08:00 ] ::1 /Backstage/
INFO: [ app_init ] --START--
INFO: Run Behavior\BuildLiteBehavior [ RunTime:0.000013s ]
INFO: [ app_init ] --END-- [ RunTime:0.000377s ]
INFO: [ app_begin ] --START--
INFO: Run Behavior\ReadHtmlCacheBehavior [ RunTime:0.000381s ]
INFO: [ app_begin ] --END-- [ RunTime:0.000430s ]
NOTIC: [2048] Declaration of Backstage\Model\AdminNavModel::getTreeData() should be compatible with Backstage\Model\BaseModel::getTreeData($type = 'tree', $order = '', $name = 'name', $child = 'id', $parent = 'pid') F:\xampp\htdocs\pro_arphu\App\Backstage\Model\AdminNavModel.class.php 第 7 行.
SQL: SHOW COLUMNS FROM `arphu_admin_nav` [ RunTime:0.0612s ]
SQL: SELECT * FROM `arphu_admin_nav` ORDER BY order_number,id is null,order_number,id  [ RunTime:0.0003s ]
SQL: SHOW COLUMNS FROM `arphu_auth_group_access` [ RunTime:0.1086s ]
SQL: SELECT `uid`,`group_id`,`title`,`rules` FROM arphu_auth_group_access a INNER JOIN arphu_auth_group g on a.group_id=g.id  WHERE ( a.uid='88' and g.status='1' )  [ RunTime:0.0003s ]
SQL: SHOW COLUMNS FROM `arphu_auth_rule` [ RunTime:0.1037s ]
SQL: SELECT `condition`,`name` FROM `arphu_auth_rule` WHERE `id` IN ('20','1','2','3','4','5','64','127','137','138','139','21','7','8','9','10','11','12','13','14','15','16','123','140','19','124','125','135','141') AND `type` = 1 AND `status` = 1  [ RunTime:0.0008s ]
INFO: [ view_parse ] --START--
INFO: [ template_filter ] --START--
INFO: Run Behavior\ContentReplaceBehavior [ RunTime:0.000103s ]
INFO: [ template_filter ] --END-- [ RunTime:0.000140s ]
INFO: Run Behavior\ParseTemplateBehavior [ RunTime:0.009963s ]
INFO: [ view_parse ] --END-- [ RunTime:0.010008s ]
INFO: [ view_filter ] --START--
INFO: Run Behavior\WriteHtmlCacheBehavior [ RunTime:0.000253s ]
INFO: [ view_filter ] --END-- [ RunTime:0.000279s ]
INFO: [ app_end ] --START--
INFO: Run Behavior\ShowPageTraceBehavior [ RunTime:0.000348s ]
INFO: [ app_end ] --END-- [ RunTime:0.000376s ]

[ 2017-11-07T15:17:36+08:00 ] ::1 /Backstage/Index/welcome.html
INFO: [ app_init ] --START--
INFO: Run Behavior\BuildLiteBehavior [ RunTime:0.000009s ]
INFO: [ app_init ] --END-- [ RunTime:0.000314s ]
INFO: [ app_begin ] --START--
INFO: Run Behavior\ReadHtmlCacheBehavior [ RunTime:0.000501s ]
INFO: [ app_begin ] --END-- [ RunTime:0.000565s ]
INFO: [ view_parse ] --START--
INFO: [ template_filter ] --START--
INFO: Run Behavior\ContentReplaceBehavior [ RunTime:0.000043s ]
INFO: [ template_filter ] --END-- [ RunTime:0.000087s ]
NOTIC: [8] Undefined variable: breadcrumbs F:\xampp\htdocs\pro_arphu\Public\Runtime\Cache\Backstage\46ebab64d8de41a45c3aeffc8c87d145.php 第 22 行.
NOTIC: [8] Undefined variable: breadcrumbs F:\xampp\htdocs\pro_arphu\Public\Runtime\Cache\Backstage\46ebab64d8de41a45c3aeffc8c87d145.php 第 23 行.
NOTIC: [8] Undefined variable: breadcrumbs F:\xampp\htdocs\pro_arphu\Public\Runtime\Cache\Backstage\46ebab64d8de41a45c3aeffc8c87d145.php 第 24 行.
INFO: Run Behavior\ParseTemplateBehavior [ RunTime:0.007824s ]
INFO: [ view_parse ] --END-- [ RunTime:0.007861s ]
INFO: [ view_filter ] --START--
INFO: Run Behavior\WriteHtmlCacheBehavior [ RunTime:0.000286s ]
INFO: [ view_filter ] --END-- [ RunTime:0.000314s ]
INFO: [ app_end ] --START--
INFO: Run Behavior\ShowPageTraceBehavior [ RunTime:0.000393s ]
INFO: [ app_end ] --END-- [ RunTime:0.000420s ]

[ 2017-11-07T15:17:38+08:00 ] ::1 /Backstage/Product/index.html
INFO: [ app_init ] --START--
INFO: Run Behavior\BuildLiteBehavior [ RunTime:0.000008s ]
INFO: [ app_init ] --END-- [ RunTime:0.000300s ]
INFO: [ app_begin ] --START--
INFO: Run Behavior\ReadHtmlCacheBehavior [ RunTime:0.000376s ]
INFO: [ app_begin ] --END-- [ RunTime:0.000440s ]
SQL: SHOW COLUMNS FROM `arphu_auth_group_access` [ RunTime:0.0079s ]
SQL: SELECT `uid`,`group_id`,`title`,`rules` FROM arphu_auth_group_access a INNER JOIN arphu_auth_group g on a.group_id=g.id  WHERE ( a.uid='88' and g.status='1' )  [ RunTime:0.0006s ]
SQL: SHOW COLUMNS FROM `arphu_auth_rule` [ RunTime:0.0082s ]
SQL: SELECT `condition`,`name` FROM `arphu_auth_rule` WHERE `id` IN ('20','1','2','3','4','5','64','127','137','138','139','21','7','8','9','10','11','12','13','14','15','16','123','140','19','124','125','135','141') AND `type` = 1 AND `status` = 1  [ RunTime:0.0003s ]
SQL: SHOW COLUMNS FROM `arphu_auth_rule` [ RunTime:0.0085s ]
SQL: SELECT ar1.title as title1,ar2.title as title2,ar3.title as title3,ar4.title as title4 FROM arphu_auth_rule ar1 LEFT JOIN arphu_auth_rule ar2 ON ar1.pid = ar2.id LEFT JOIN arphu_auth_rule ar3 ON ar2.pid = ar3.id LEFT JOIN arphu_auth_rule ar4 ON ar3.pid = ar4.id  WHERE ar1.name = 'Product/index'  [ RunTime:0.0004s ]
SQL: SHOW COLUMNS FROM `arphu_product` [ RunTime:0.0075s ]
SQL: SELECT * FROM `arphu_product`  [ RunTime:0.0009s ]
INFO: [ view_parse ] --START--
NOTIC: [8] Undefined variable: rong_key F:\xampp\htdocs\pro_arphu\App\Backstage\Tag\My.class.php 第 206 行.
NOTIC: [8] Undefined variable: rong_token F:\xampp\htdocs\pro_arphu\App\Backstage\Tag\My.class.php 第 207 行.
NOTIC: [8] Undefined variable: avatar F:\xampp\htdocs\pro_arphu\App\Backstage\Tag\My.class.php 第 218 行.
INFO: [ template_filter ] --START--
INFO: Run Behavior\ContentReplaceBehavior [ RunTime:0.000066s ]
INFO: [ template_filter ] --END-- [ RunTime:0.000098s ]
INFO: Run Behavior\ParseTemplateBehavior [ RunTime:0.009513s ]
INFO: [ view_parse ] --END-- [ RunTime:0.009560s ]
INFO: [ view_filter ] --START--
INFO: Run Behavior\WriteHtmlCacheBehavior [ RunTime:0.000277s ]
INFO: [ view_filter ] --END-- [ RunTime:0.000302s ]
INFO: [ app_end ] --START--
INFO: Run Behavior\ShowPageTraceBehavior [ RunTime:0.000465s ]
INFO: [ app_end ] --END-- [ RunTime:0.000515s ]

[ 2017-11-07T15:18:33+08:00 ] ::1 /Backstage/php/upload_json.php?dir=image
INFO: [ app_init ] --START--
INFO: Run Behavior\BuildLiteBehavior [ RunTime:0.000009s ]
INFO: [ app_init ] --END-- [ RunTime:0.000402s ]
INFO: [ app_begin ] --START--
INFO: Run Behavior\ReadHtmlCacheBehavior [ RunTime:0.000461s ]
INFO: [ app_begin ] --END-- [ RunTime:0.000500s ]
ERR: 无法加载控制器:Php

[ 2017-11-07T15:18:58+08:00 ] ::1 /Backstage/php/upload_json.php?dir=image
INFO: [ app_init ] --START--
INFO: Run Behavior\BuildLiteBehavior [ RunTime:0.000012s ]
INFO: [ app_init ] --END-- [ RunTime:0.000828s ]
INFO: [ app_begin ] --START--
INFO: Run Behavior\ReadHtmlCacheBehavior [ RunTime:0.000504s ]
INFO: [ app_begin ] --END-- [ RunTime:0.000590s ]
ERR: 无法加载控制器:Php

[ 2017-11-07T17:05:34+08:00 ] ::1 /Backstage/Product/index.html
INFO: [ app_init ] --START--
INFO: Run Behavior\BuildLiteBehavior [ RunTime:0.000009s ]
INFO: [ app_init ] --END-- [ RunTime:0.000333s ]
INFO: [ app_begin ] --START--
INFO: Run Behavior\ReadHtmlCacheBehavior [ RunTime:0.000501s ]
INFO: [ app_begin ] --END-- [ RunTime:0.000554s ]
SQL: SHOW COLUMNS FROM `arphu_auth_group_access` [ RunTime:0.0085s ]
SQL: SELECT `uid`,`group_id`,`title`,`rules` FROM arphu_auth_group_access a INNER JOIN arphu_auth_group g on a.group_id=g.id  WHERE ( a.uid='88' and g.status='1' )  [ RunTime:0.0005s ]
SQL: SHOW COLUMNS FROM `arphu_auth_rule` [ RunTime:0.0093s ]
SQL: SELECT `condition`,`name` FROM `arphu_auth_rule` WHERE `id` IN ('20','1','2','3','4','5','64','127','137','138','139','21','7','8','9','10','11','12','13','14','15','16','123','140','19','124','125','135','141') AND `type` = 1 AND `status` = 1  [ RunTime:0.0005s ]
SQL: SHOW COLUMNS FROM `arphu_auth_rule` [ RunTime:0.0076s ]
SQL: SELECT ar1.title as title1,ar2.title as title2,ar3.title as title3,ar4.title as title4 FROM arphu_auth_rule ar1 LEFT JOIN arphu_auth_rule ar2 ON ar1.pid = ar2.id LEFT JOIN arphu_auth_rule ar3 ON ar2.pid = ar3.id LEFT JOIN arphu_auth_rule ar4 ON ar3.pid = ar4.id  WHERE ar1.name = 'Product/index'  [ RunTime:0.0005s ]
SQL: SHOW COLUMNS FROM `arphu_product` [ RunTime:0.0087s ]
SQL: SELECT * FROM `arphu_product`  [ RunTime:0.0006s ]
INFO: [ view_parse ] --START--
NOTIC: [8] Undefined variable: rong_key F:\xampp\htdocs\pro_arphu\App\Backstage\Tag\My.class.php 第 206 行.
NOTIC: [8] Undefined variable: rong_token F:\xampp\htdocs\pro_arphu\App\Backstage\Tag\My.class.php 第 207 行.
NOTIC: [8] Undefined variable: avatar F:\xampp\htdocs\pro_arphu\App\Backstage\Tag\My.class.php 第 218 行.
INFO: [ template_filter ] --START--
INFO: Run Behavior\ContentReplaceBehavior [ RunTime:0.000070s ]
INFO: [ template_filter ] --END-- [ RunTime:0.000111s ]
INFO: Run Behavior\ParseTemplateBehavior [ RunTime:0.010238s ]
INFO: [ view_parse ] --END-- [ RunTime:0.010278s ]
INFO: [ view_filter ] --START--
INFO: Run Behavior\WriteHtmlCacheBehavior [ RunTime:0.000318s ]
INFO: [ view_filter ] --END-- [ RunTime:0.000342s ]
INFO: [ app_end ] --START--
INFO: Run Behavior\ShowPageTraceBehavior [ RunTime:0.000465s ]
INFO: [ app_end ] --END-- [ RunTime:0.000494s ]

[ 2017-11-07T17:05:49+08:00 ] ::1 /Backstage/php/upload_json.php?dir=image
INFO: [ app_init ] --START--
INFO: Run Behavior\BuildLiteBehavior [ RunTime:0.000009s ]
INFO: [ app_init ] --END-- [ RunTime:0.000285s ]
INFO: [ app_begin ] --START--
INFO: Run Behavior\ReadHtmlCacheBehavior [ RunTime:0.000357s ]
INFO: [ app_begin ] --END-- [ RunTime:0.000407s ]
ERR: 无法加载控制器:Php

[ 2017-11-07T17:07:36+08:00 ] ::1 /Backstage/
INFO: [ app_init ] --START--
INFO: Run Behavior\BuildLiteBehavior [ RunTime:0.000009s ]
INFO: [ app_init ] --END-- [ RunTime:0.000484s ]
INFO: [ app_begin ] --START--
INFO: Run Behavior\ReadHtmlCacheBehavior [ RunTime:0.000551s ]
INFO: [ app_begin ] --END-- [ RunTime:0.000610s ]
NOTIC: [2048] Declaration of Backstage\Model\AdminNavModel::getTreeData() should be compatible with Backstage\Model\BaseModel::getTreeData($type = 'tree', $order = '', $name = 'name', $child = 'id', $parent = 'pid') F:\xampp\htdocs\pro_arphu\App\Backstage\Model\AdminNavModel.class.php 第 7 行.
SQL: SHOW COLUMNS FROM `arphu_admin_nav` [ RunTime:0.0073s ]
SQL: SELECT * FROM `arphu_admin_nav` ORDER BY order_number,id is null,order_number,id  [ RunTime:0.0004s ]
SQL: SHOW COLUMNS FROM `arphu_auth_group_access` [ RunTime:0.0115s ]
SQL: SELECT `uid`,`group_id`,`title`,`rules` FROM arphu_auth_group_access a INNER JOIN arphu_auth_group g on a.group_id=g.id  WHERE ( a.uid='88' and g.status='1' )  [ RunTime:0.0004s ]
SQL: SHOW COLUMNS FROM `arphu_auth_rule` [ RunTime:0.0131s ]
SQL: SELECT `condition`,`name` FROM `arphu_auth_rule` WHERE `id` IN ('20','1','2','3','4','5','64','127','137','138','139','21','7','8','9','10','11','12','13','14','15','16','123','140','19','124','125','135','141') AND `type` = 1 AND `status` = 1  [ RunTime:0.0006s ]
INFO: [ view_parse ] --START--
INFO: [ template_filter ] --START--
INFO: Run Behavior\ContentReplaceBehavior [ RunTime:0.000103s ]
INFO: [ template_filter ] --END-- [ RunTime:0.000146s ]
INFO: Run Behavior\ParseTemplateBehavior [ RunTime:0.012241s ]
INFO: [ view_parse ] --END-- [ RunTime:0.012278s ]
INFO: [ view_filter ] --START--
INFO: Run Behavior\WriteHtmlCacheBehavior [ RunTime:0.000394s ]
INFO: [ view_filter ] --END-- [ RunTime:0.000421s ]
INFO: [ app_end ] --START--
INFO: Run Behavior\ShowPageTraceBehavior [ RunTime:0.000701s ]
INFO: [ app_end ] --END-- [ RunTime:0.000777s ]

[ 2017-11-07T17:07:36+08:00 ] ::1 /Backstage/Index/welcome.html
INFO: [ app_init ] --START--
INFO: Run Behavior\BuildLiteBehavior [ RunTime:0.000009s ]
INFO: [ app_init ] --END-- [ RunTime:0.000263s ]
INFO: [ app_begin ] --START--
INFO: Run Behavior\ReadHtmlCacheBehavior [ RunTime:0.000377s ]
INFO: [ app_begin ] --END-- [ RunTime:0.000428s ]
INFO: [ view_parse ] --START--
INFO: [ template_filter ] --START--
INFO: Run Behavior\ContentReplaceBehavior [ RunTime:0.000035s ]
INFO: [ template_filter ] --END-- [ RunTime:0.000074s ]
NOTIC: [8] Undefined variable: breadcrumbs F:\xampp\htdocs\pro_arphu\Public\Runtime\Cache\Backstage\46ebab64d8de41a45c3aeffc8c87d145.php 第 22 行.
NOTIC: [8] Undefined variable: breadcrumbs F:\xampp\htdocs\pro_arphu\Public\Runtime\Cache\Backstage\46ebab64d8de41a45c3aeffc8c87d145.php 第 23 行.
NOTIC: [8] Undefined variable: breadcrumbs F:\xampp\htdocs\pro_arphu\Public\Runtime\Cache\Backstage\46ebab64d8de41a45c3aeffc8c87d145.php 第 24 行.
INFO: Run Behavior\ParseTemplateBehavior [ RunTime:0.007221s ]
INFO: [ view_parse ] --END-- [ RunTime:0.007254s ]
INFO: [ view_filter ] --START--
INFO: Run Behavior\WriteHtmlCacheBehavior [ RunTime:0.000236s ]
INFO: [ view_filter ] --END-- [ RunTime:0.000261s ]
INFO: [ app_end ] --START--
INFO: Run Behavior\ShowPageTraceBehavior [ RunTime:0.000402s ]
INFO: [ app_end ] --END-- [ RunTime:0.000432s ]

[ 2017-11-07T17:07:38+08:00 ] ::1 /Backstage/Product/index.html
INFO: [ app_init ] --START--
INFO: Run Behavior\BuildLiteBehavior [ RunTime:0.000009s ]
INFO: [ app_init ] --END-- [ RunTime:0.000299s ]
INFO: [ app_begin ] --START--
INFO: Run Behavior\ReadHtmlCacheBehavior [ RunTime:0.000494s ]
INFO: [ app_begin ] --END-- [ RunTime:0.000553s ]
SQL: SHOW COLUMNS FROM `arphu_auth_group_access` [ RunTime:0.0084s ]
SQL: SELECT `uid`,`group_id`,`title`,`rules` FROM arphu_auth_group_access a INNER JOIN arphu_auth_group g on a.group_id=g.id  WHERE ( a.uid='88' and g.status='1' )  [ RunTime:0.0004s ]
SQL: SHOW COLUMNS FROM `arphu_auth_rule` [ RunTime:0.0089s ]
SQL: SELECT `condition`,`name` FROM `arphu_auth_rule` WHERE `id` IN ('20','1','2','3','4','5','64','127','137','138','139','21','7','8','9','10','11','12','13','14','15','16','123','140','19','124','125','135','141') AND `type` = 1 AND `status` = 1  [ RunTime:0.0005s ]
SQL: SHOW COLUMNS FROM `arphu_auth_rule` [ RunTime:0.0086s ]
SQL: SELECT ar1.title as title1,ar2.title as title2,ar3.title as title3,ar4.title as title4 FROM arphu_auth_rule ar1 LEFT JOIN arphu_auth_rule ar2 ON ar1.pid = ar2.id LEFT JOIN arphu_auth_rule ar3 ON ar2.pid = ar3.id LEFT JOIN arphu_auth_rule ar4 ON ar3.pid = ar4.id  WHERE ar1.name = 'Product/index'  [ RunTime:0.0003s ]
SQL: SHOW COLUMNS FROM `arphu_product` [ RunTime:0.0103s ]
SQL: SELECT * FROM `arphu_product`  [ RunTime:0.0009s ]
INFO: [ view_parse ] --START--
NOTIC: [8] Undefined variable: rong_key F:\xampp\htdocs\pro_arphu\App\Backstage\Tag\My.class.php 第 206 行.
NOTIC: [8] Undefined variable: rong_token F:\xampp\htdocs\pro_arphu\App\Backstage\Tag\My.class.php 第 207 行.
NOTIC: [8] Undefined variable: avatar F:\xampp\htdocs\pro_arphu\App\Backstage\Tag\My.class.php 第 218 行.
INFO: [ template_filter ] --START--
INFO: Run Behavior\ContentReplaceBehavior [ RunTime:0.000075s ]
INFO: [ template_filter ] --END-- [ RunTime:0.000111s ]
INFO: Run Behavior\ParseTemplateBehavior [ RunTime:0.009596s ]
INFO: [ view_parse ] --END-- [ RunTime:0.009633s ]
INFO: [ view_filter ] --START--
INFO: Run Behavior\WriteHtmlCacheBehavior [ RunTime:0.000474s ]
INFO: [ view_filter ] --END-- [ RunTime:0.000530s ]
INFO: [ app_end ] --START--
INFO: Run Behavior\ShowPageTraceBehavior [ RunTime:0.000527s ]
INFO: [ app_end ] --END-- [ RunTime:0.000560s ]

[ 2017-11-07T17:11:51+08:00 ] ::1 /Backstage/
INFO: [ app_init ] --START--
INFO: Run Behavior\BuildLiteBehavior [ RunTime:0.000010s ]
INFO: [ app_init ] --END-- [ RunTime:0.000606s ]
INFO: [ app_begin ] --START--
INFO: Run Behavior\ReadHtmlCacheBehavior [ RunTime:0.000677s ]
INFO: [ app_begin ] --END-- [ RunTime:0.000724s ]
NOTIC: [2048] Declaration of Backstage\Model\AdminNavModel::getTreeData() should be compatible with Backstage\Model\BaseModel::getTreeData($type = 'tree', $order = '', $name = 'name', $child = 'id', $parent = 'pid') F:\xampp\htdocs\pro_arphu\App\Backstage\Model\AdminNavModel.class.php 第 7 行.
SQL: SHOW COLUMNS FROM `arphu_admin_nav` [ RunTime:0.0095s ]
SQL: SELECT * FROM `arphu_admin_nav` ORDER BY order_number,id is null,order_number,id  [ RunTime:0.0004s ]
SQL: SHOW COLUMNS FROM `arphu_auth_group_access` [ RunTime:0.0088s ]
SQL: SELECT `uid`,`group_id`,`title`,`rules` FROM arphu_auth_group_access a INNER JOIN arphu_auth_group g on a.group_id=g.id  WHERE ( a.uid='88' and g.status='1' )  [ RunTime:0.0004s ]
SQL: SHOW COLUMNS FROM `arphu_auth_rule` [ RunTime:0.0082s ]
SQL: SELECT `condition`,`name` FROM `arphu_auth_rule` WHERE `id` IN ('20','1','2','3','4','5','64','127','137','138','139','21','7','8','9','10','11','12','13','14','15','16','123','140','19','124','125','135','141') AND `type` = 1 AND `status` = 1  [ RunTime:0.0005s ]
INFO: [ view_parse ] --START--
INFO: [ template_filter ] --START--
INFO: Run Behavior\ContentReplaceBehavior [ RunTime:0.000089s ]
INFO: [ template_filter ] --END-- [ RunTime:0.000124s ]
INFO: Run Behavior\ParseTemplateBehavior [ RunTime:0.012255s ]
INFO: [ view_parse ] --END-- [ RunTime:0.012289s ]
INFO: [ view_filter ] --START--
INFO: Run Behavior\WriteHtmlCacheBehavior [ RunTime:0.000494s ]
INFO: [ view_filter ] --END-- [ RunTime:0.000517s ]
INFO: [ app_end ] --START--
INFO: Run Behavior\ShowPageTraceBehavior [ RunTime:0.000675s ]
INFO: [ app_end ] --END-- [ RunTime:0.000716s ]

[ 2017-11-07T17:11:51+08:00 ] ::1 /Backstage/Index/welcome.html
INFO: [ app_init ] --START--
INFO: Run Behavior\BuildLiteBehavior [ RunTime:0.000017s ]
INFO: [ app_init ] --END-- [ RunTime:0.000480s ]
INFO: [ app_begin ] --START--
INFO: Run Behavior\ReadHtmlCacheBehavior [ RunTime:0.000459s ]
INFO: [ app_begin ] --END-- [ RunTime:0.000502s ]
INFO: [ view_parse ] --START--
INFO: [ template_filter ] --START--
INFO: Run Behavior\ContentReplaceBehavior [ RunTime:0.000030s ]
INFO: [ template_filter ] --END-- [ RunTime:0.000059s ]
NOTIC: [8] Undefined variable: breadcrumbs F:\xampp\htdocs\pro_arphu\Public\Runtime\Cache\Backstage\46ebab64d8de41a45c3aeffc8c87d145.php 第 22 行.
NOTIC: [8] Undefined variable: breadcrumbs F:\xampp\htdocs\pro_arphu\Public\Runtime\Cache\Backstage\46ebab64d8de41a45c3aeffc8c87d145.php 第 23 行.
NOTIC: [8] Undefined variable: breadcrumbs F:\xampp\htdocs\pro_arphu\Public\Runtime\Cache\Backstage\46ebab64d8de41a45c3aeffc8c87d145.php 第 24 行.
INFO: Run Behavior\ParseTemplateBehavior [ RunTime:0.006684s ]
INFO: [ view_parse ] --END-- [ RunTime:0.006728s ]
INFO: [ view_filter ] --START--
INFO: Run Behavior\WriteHtmlCacheBehavior [ RunTime:0.000411s ]
INFO: [ view_filter ] --END-- [ RunTime:0.000435s ]
INFO: [ app_end ] --START--
INFO: Run Behavior\ShowPageTraceBehavior [ RunTime:0.000571s ]
INFO: [ app_end ] --END-- [ RunTime:0.000596s ]

[ 2017-11-07T17:11:53+08:00 ] ::1 /Backstage/Product/index.html
INFO: [ app_init ] --START--
INFO: Run Behavior\BuildLiteBehavior [ RunTime:0.000009s ]
INFO: [ app_init ] --END-- [ RunTime:0.000409s ]
INFO: [ app_begin ] --START--
INFO: Run Behavior\ReadHtmlCacheBehavior [ RunTime:0.000606s ]
INFO: [ app_begin ] --END-- [ RunTime:0.000651s ]
SQL: SHOW COLUMNS FROM `arphu_auth_group_access` [ RunTime:0.0078s ]
SQL: SELECT `uid`,`group_id`,`title`,`rules` FROM arphu_auth_group_access a INNER JOIN arphu_auth_group g on a.group_id=g.id  WHERE ( a.uid='88' and g.status='1' )  [ RunTime:0.0003s ]
SQL: SHOW COLUMNS FROM `arphu_auth_rule` [ RunTime:0.0094s ]
SQL: SELECT `condition`,`name` FROM `arphu_auth_rule` WHERE `id` IN ('20','1','2','3','4','5','64','127','137','138','139','21','7','8','9','10','11','12','13','14','15','16','123','140','19','124','125','135','141') AND `type` = 1 AND `status` = 1  [ RunTime:0.0005s ]
SQL: SHOW COLUMNS FROM `arphu_auth_rule` [ RunTime:0.0074s ]
SQL: SELECT ar1.title as title1,ar2.title as title2,ar3.title as title3,ar4.title as title4 FROM arphu_auth_rule ar1 LEFT JOIN arphu_auth_rule ar2 ON ar1.pid = ar2.id LEFT JOIN arphu_auth_rule ar3 ON ar2.pid = ar3.id LEFT JOIN arphu_auth_rule ar4 ON ar3.pid = ar4.id  WHERE ar1.name = 'Product/index'  [ RunTime:0.0006s ]
SQL: SHOW COLUMNS FROM `arphu_product` [ RunTime:0.0092s ]
SQL: SELECT * FROM `arphu_product`  [ RunTime:0.0006s ]
INFO: [ view_parse ] --START--
NOTIC: [8] Undefined variable: rong_key F:\xampp\htdocs\pro_arphu\App\Backstage\Tag\My.class.php 第 206 行.
NOTIC: [8] Undefined variable: rong_token F:\xampp\htdocs\pro_arphu\App\Backstage\Tag\My.class.php 第 207 行.
NOTIC: [8] Undefined variable: avatar F:\xampp\htdocs\pro_arphu\App\Backstage\Tag\My.class.php 第 218 行.
INFO: [ template_filter ] --START--
INFO: Run Behavior\ContentReplaceBehavior [ RunTime:0.000078s ]
INFO: [ template_filter ] --END-- [ RunTime:0.000161s ]
INFO: Run Behavior\ParseTemplateBehavior [ RunTime:0.009632s ]
INFO: [ view_parse ] --END-- [ RunTime:0.009668s ]
INFO: [ view_filter ] --START--
INFO: Run Behavior\WriteHtmlCacheBehavior [ RunTime:0.000470s ]
INFO: [ view_filter ] --END-- [ RunTime:0.000525s ]
INFO: [ app_end ] --START--
INFO: Run Behavior\ShowPageTraceBehavior [ RunTime:0.000871s ]
INFO: [ app_end ] --END-- [ RunTime:0.000944s ]

[ 2017-11-07T17:12:21+08:00 ] ::1 /Backstage/
INFO: [ app_init ] --START--
INFO: Run Behavior\BuildLiteBehavior [ RunTime:0.000009s ]
INFO: [ app_init ] --END-- [ RunTime:0.000312s ]
INFO: [ app_begin ] --START--
INFO: Run Behavior\ReadHtmlCacheBehavior [ RunTime:0.000548s ]
INFO: [ app_begin ] --END-- [ RunTime:0.000607s ]
NOTIC: [2048] Declaration of Backstage\Model\AdminNavModel::getTreeData() should be compatible with Backstage\Model\BaseModel::getTreeData($type = 'tree', $order = '', $name = 'name', $child = 'id', $parent = 'pid') F:\xampp\htdocs\pro_arphu\App\Backstage\Model\AdminNavModel.class.php 第 7 行.
SQL: SHOW COLUMNS FROM `arphu_admin_nav` [ RunTime:0.0104s ]
SQL: SELECT * FROM `arphu_admin_nav` ORDER BY order_number,id is null,order_number,id  [ RunTime:0.0004s ]
SQL: SHOW COLUMNS FROM `arphu_auth_group_access` [ RunTime:0.0146s ]
SQL: SELECT `uid`,`group_id`,`title`,`rules` FROM arphu_auth_group_access a INNER JOIN arphu_auth_group g on a.group_id=g.id  WHERE ( a.uid='88' and g.status='1' )  [ RunTime:0.0004s ]
SQL: SHOW COLUMNS FROM `arphu_auth_rule` [ RunTime:0.0156s ]
SQL: SELECT `condition`,`name` FROM `arphu_auth_rule` WHERE `id` IN ('20','1','2','3','4','5','64','127','137','138','139','21','7','8','9','10','11','12','13','14','15','16','123','140','19','124','125','135','141') AND `type` = 1 AND `status` = 1  [ RunTime:0.0007s ]
INFO: [ view_parse ] --START--
INFO: [ template_filter ] --START--
INFO: Run Behavior\ContentReplaceBehavior [ RunTime:0.000096s ]
INFO: [ template_filter ] --END-- [ RunTime:0.000134s ]
INFO: Run Behavior\ParseTemplateBehavior [ RunTime:0.015678s ]
INFO: [ view_parse ] --END-- [ RunTime:0.015721s ]
INFO: [ view_filter ] --START--
INFO: Run Behavior\WriteHtmlCacheBehavior [ RunTime:0.000607s ]
INFO: [ view_filter ] --END-- [ RunTime:0.000639s ]
INFO: [ app_end ] --START--
INFO: Run Behavior\ShowPageTraceBehavior [ RunTime:0.000584s ]
INFO: [ app_end ] --END-- [ RunTime:0.000621s ]

[ 2017-11-07T17:12:22+08:00 ] ::1 /Backstage/Index/welcome.html
INFO: [ app_init ] --START--
INFO: Run Behavior\BuildLiteBehavior [ RunTime:0.000009s ]
INFO: [ app_init ] --END-- [ RunTime:0.000331s ]
INFO: [ app_begin ] --START--
INFO: Run Behavior\ReadHtmlCacheBehavior [ RunTime:0.000552s ]
INFO: [ app_begin ] --END-- [ RunTime:0.000614s ]
INFO: [ view_parse ] --START--
INFO: [ template_filter ] --START--
INFO: Run Behavior\ContentReplaceBehavior [ RunTime:0.000031s ]
INFO: [ template_filter ] --END-- [ RunTime:0.000065s ]
NOTIC: [8] Undefined variable: breadcrumbs F:\xampp\htdocs\pro_arphu\Public\Runtime\Cache\Backstage\46ebab64d8de41a45c3aeffc8c87d145.php 第 22 行.
NOTIC: [8] Undefined variable: breadcrumbs F:\xampp\htdocs\pro_arphu\Public\Runtime\Cache\Backstage\46ebab64d8de41a45c3aeffc8c87d145.php 第 23 行.
NOTIC: [8] Undefined variable: breadcrumbs F:\xampp\htdocs\pro_arphu\Public\Runtime\Cache\Backstage\46ebab64d8de41a45c3aeffc8c87d145.php 第 24 行.
INFO: Run Behavior\ParseTemplateBehavior [ RunTime:0.007873s ]
INFO: [ view_parse ] --END-- [ RunTime:0.007907s ]
INFO: [ view_filter ] --START--
INFO: Run Behavior\WriteHtmlCacheBehavior [ RunTime:0.000384s ]
INFO: [ view_filter ] --END-- [ RunTime:0.000412s ]
INFO: [ app_end ] --START--
INFO: Run Behavior\ShowPageTraceBehavior [ RunTime:0.000509s ]
INFO: [ app_end ] --END-- [ RunTime:0.000539s ]

[ 2017-11-07T17:12:23+08:00 ] ::1 /Backstage/Product/index.html
INFO: [ app_init ] --START--
INFO: Run Behavior\BuildLiteBehavior [ RunTime:0.000009s ]
INFO: [ app_init ] --END-- [ RunTime:0.000331s ]
INFO: [ app_begin ] --START--
INFO: Run Behavior\ReadHtmlCacheBehavior [ RunTime:0.000713s ]
INFO: [ app_begin ] --END-- [ RunTime:0.000766s ]
SQL: SHOW COLUMNS FROM `arphu_auth_group_access` [ RunTime:0.0284s ]
SQL: SELECT `uid`,`group_id`,`title`,`rules` FROM arphu_auth_group_access a INNER JOIN arphu_auth_group g on a.group_id=g.id  WHERE ( a.uid='88' and g.status='1' )  [ RunTime:0.0005s ]
SQL: SHOW COLUMNS FROM `arphu_auth_rule` [ RunTime:0.0535s ]
SQL: SELECT `condition`,`name` FROM `arphu_auth_rule` WHERE `id` IN ('20','1','2','3','4','5','64','127','137','138','139','21','7','8','9','10','11','12','13','14','15','16','123','140','19','124','125','135','141') AND `type` = 1 AND `status` = 1  [ RunTime:0.0005s ]
SQL: SHOW COLUMNS FROM `arphu_auth_rule` [ RunTime:0.0730s ]
SQL: SELECT ar1.title as title1,ar2.title as title2,ar3.title as title3,ar4.title as title4 FROM arphu_auth_rule ar1 LEFT JOIN arphu_auth_rule ar2 ON ar1.pid = ar2.id LEFT JOIN arphu_auth_rule ar3 ON ar2.pid = ar3.id LEFT JOIN arphu_auth_rule ar4 ON ar3.pid = ar4.id  WHERE ar1.name = 'Product/index'  [ RunTime:0.0004s ]
SQL: SHOW COLUMNS FROM `arphu_product` [ RunTime:0.1233s ]
SQL: SELECT * FROM `arphu_product`  [ RunTime:0.0014s ]
INFO: [ view_parse ] --START--
NOTIC: [8] Undefined variable: rong_key F:\xampp\htdocs\pro_arphu\App\Backstage\Tag\My.class.php 第 206 行.
NOTIC: [8] Undefined variable: rong_token F:\xampp\htdocs\pro_arphu\App\Backstage\Tag\My.class.php 第 207 行.
NOTIC: [8] Undefined variable: avatar F:\xampp\htdocs\pro_arphu\App\Backstage\Tag\My.class.php 第 218 行.
INFO: [ template_filter ] --START--
INFO: Run Behavior\ContentReplaceBehavior [ RunTime:0.000059s ]
INFO: [ template_filter ] --END-- [ RunTime:0.000087s ]
INFO: Run Behavior\ParseTemplateBehavior [ RunTime:0.010518s ]
INFO: [ view_parse ] --END-- [ RunTime:0.010568s ]
INFO: [ view_filter ] --START--
INFO: Run Behavior\WriteHtmlCacheBehavior [ RunTime:0.000552s ]
INFO: [ view_filter ] --END-- [ RunTime:0.000595s ]
INFO: [ app_end ] --START--
INFO: Run Behavior\ShowPageTraceBehavior [ RunTime:0.000729s ]
INFO: [ app_end ] --END-- [ RunTime:0.000766s ]

[ 2017-11-07T17:22:22+08:00 ] ::1 /Backstage/
INFO: [ app_init ] --START--
INFO: Run Behavior\BuildLiteBehavior [ RunTime:0.000008s ]
INFO: [ app_init ] --END-- [ RunTime:0.000499s ]
INFO: [ app_begin ] --START--
INFO: Run Behavior\ReadHtmlCacheBehavior [ RunTime:0.000762s ]
INFO: [ app_begin ] --END-- [ RunTime:0.000826s ]
NOTIC: [2048] Declaration of Backstage\Model\AdminNavModel::getTreeData() should be compatible with Backstage\Model\BaseModel::getTreeData($type = 'tree', $order = '', $name = 'name', $child = 'id', $parent = 'pid') F:\xampp\htdocs\pro_arphu\App\Backstage\Model\AdminNavModel.class.php 第 7 行.
SQL: SHOW COLUMNS FROM `arphu_admin_nav` [ RunTime:0.0091s ]
SQL: SELECT * FROM `arphu_admin_nav` ORDER BY order_number,id is null,order_number,id  [ RunTime:0.0004s ]
SQL: SHOW COLUMNS FROM `arphu_auth_group_access` [ RunTime:0.0073s ]
SQL: SELECT `uid`,`group_id`,`title`,`rules` FROM arphu_auth_group_access a INNER JOIN arphu_auth_group g on a.group_id=g.id  WHERE ( a.uid='88' and g.status='1' )  [ RunTime:0.0004s ]
SQL: SHOW COLUMNS FROM `arphu_auth_rule` [ RunTime:0.0105s ]
SQL: SELECT `condition`,`name` FROM `arphu_auth_rule` WHERE `id` IN ('20','1','2','3','4','5','64','127','137','138','139','21','7','8','9','10','11','12','13','14','15','16','123','140','19','124','125','135','141') AND `type` = 1 AND `status` = 1  [ RunTime:0.0004s ]
INFO: [ view_parse ] --START--
INFO: [ template_filter ] --START--
INFO: Run Behavior\ContentReplaceBehavior [ RunTime:0.000118s ]
INFO: [ template_filter ] --END-- [ RunTime:0.000188s ]
INFO: Run Behavior\ParseTemplateBehavior [ RunTime:0.012029s ]
INFO: [ view_parse ] --END-- [ RunTime:0.012069s ]
INFO: [ view_filter ] --START--
INFO: Run Behavior\WriteHtmlCacheBehavior [ RunTime:0.000466s ]
INFO: [ view_filter ] --END-- [ RunTime:0.000493s ]
INFO: [ app_end ] --START--
INFO: Run Behavior\ShowPageTraceBehavior [ RunTime:0.000694s ]
INFO: [ app_end ] --END-- [ RunTime:0.000720s ]

[ 2017-11-07T17:22:22+08:00 ] ::1 /Backstage/Index/welcome.html
INFO: [ app_init ] --START--
INFO: Run Behavior\BuildLiteBehavior [ RunTime:0.000009s ]
INFO: [ app_init ] --END-- [ RunTime:0.000353s ]
INFO: [ app_begin ] --START--
INFO: Run Behavior\ReadHtmlCacheBehavior [ RunTime:0.000574s ]
INFO: [ app_begin ] --END-- [ RunTime:0.000625s ]
INFO: [ view_parse ] --START--
INFO: [ template_filter ] --START--
INFO: Run Behavior\ContentReplaceBehavior [ RunTime:0.000031s ]
INFO: [ template_filter ] --END-- [ RunTime:0.000065s ]
NOTIC: [8] Undefined variable: breadcrumbs F:\xampp\htdocs\pro_arphu\Public\Runtime\Cache\Backstage\46ebab64d8de41a45c3aeffc8c87d145.php 第 22 行.
NOTIC: [8] Undefined variable: breadcrumbs F:\xampp\htdocs\pro_arphu\Public\Runtime\Cache\Backstage\46ebab64d8de41a45c3aeffc8c87d145.php 第 23 行.
NOTIC: [8] Undefined variable: breadcrumbs F:\xampp\htdocs\pro_arphu\Public\Runtime\Cache\Backstage\46ebab64d8de41a45c3aeffc8c87d145.php 第 24 行.
INFO: Run Behavior\ParseTemplateBehavior [ RunTime:0.006197s ]
INFO: [ view_parse ] --END-- [ RunTime:0.006230s ]
INFO: [ view_filter ] --START--
INFO: Run Behavior\WriteHtmlCacheBehavior [ RunTime:0.000350s ]
INFO: [ view_filter ] --END-- [ RunTime:0.000376s ]
INFO: [ app_end ] --START--
INFO: Run Behavior\ShowPageTraceBehavior [ RunTime:0.000517s ]
INFO: [ app_end ] --END-- [ RunTime:0.000542s ]

